<?xml version="1.0" encoding="UTF-8"?>
<!-- Generated by org.testng.reporters.JUnitXMLReporter -->
<testsuite hostname="Lenovo-PC" ignored="0" name="Online Shopping App Test" tests="2" failures="0" timestamp="14 May 2020 12:02:36 GMT" time="96.627" errors="0">
  <testcase name="registerUserTest" time="15.244" classname="com.OnlineApp.qa.testcases.RegisterUser"/>
  <testcase name="verifyOrderAmtOnHistory" time="49.155" classname="com.OnlineApp.qa.testcases.VerifyOrderHistory"/>
</testsuite> <!-- Online Shopping App Test -->
